python: can't open file 'main.py': [Errno 2] No such file or directory
2018-08-30 15:00:01 Running dualstreamMerge
Thu Aug 30 15:05:01 CEST 2018 starting main.py in /home/cronjobs/dualstream/python
2018-08-30 15:05:02 Running dualstreamMerge
Thu Aug 30 15:10:01 CEST 2018 starting main.py in /home/cronjobs/dualstream/python
2018-08-30 15:10:02 Running dualstreamMerge
Thu Aug 30 15:15:01 CEST 2018 starting main.py in /home/cronjobs/dualstream/python
2018-08-30 15:15:01 Running dualstreamMerge
2018-08-30 15:15:01 Searching for DualStream entries
2018-08-30 15:15:03 Updated 0 out of 0 entries
Thu Aug 30 15:20:01 CEST 2018 starting main.py in /home/cronjobs/dualstream/python
2018-08-30 15:20:01 Running dualstreamMerge
2018-08-30 15:20:01 Searching for DualStream entries
2018-08-30 15:20:02 Updated 0 out of 0 entries
Thu Aug 30 15:25:01 CEST 2018 starting main.py in /home/cronjobs/dualstream/python
2018-08-30 15:25:01 Running dualstreamMerge
2018-08-30 15:25:01 Searching for DualStream entries
2018-08-30 15:25:02 Updated 0 out of 0 entries
Thu Aug 30 15:30:01 CEST 2018 starting main.py in /home/cronjobs/dualstream/python
2018-08-30 15:30:01 Running dualstreamMerge
2018-08-30 15:30:01 Searching for DualStream entries
2018-08-30 15:30:02 Updated 0 out of 0 entries
Thu Aug 30 15:35:01 CEST 2018 starting main.py in /home/cronjobs/dualstream/python
2018-08-30 15:35:01 Running dualstreamMerge
2018-08-30 15:35:01 Searching for DualStream entries
2018-08-30 15:35:02 Updated 0 out of 0 entries
Thu Aug 30 15:40:01 CEST 2018 starting main.py in /home/cronjobs/dualstream/python
2018-08-30 15:40:01 Running dualstreamMerge
2018-08-30 15:40:01 Searching for DualStream entries
2018-08-30 15:40:02 Updated 0 out of 0 entries
Thu Aug 30 15:45:01 CEST 2018 starting main.py in /home/cronjobs/dualstream/python
2018-08-30 15:45:01 Running dualstreamMerge
2018-08-30 15:45:01 Searching for DualStream entries
2018-08-30 15:45:03 Updated 0 out of 0 entries
Thu Aug 30 15:50:01 CEST 2018 starting main.py in /home/cronjobs/dualstream/python
2018-08-30 15:50:01 Running dualstreamMerge
2018-08-30 15:50:01 Searching for DualStream entries
2018-08-30 15:50:02 Updated 0 out of 0 entries
Thu Aug 30 15:55:01 CEST 2018 starting main.py in /home/cronjobs/dualstream/python
2018-08-30 15:55:01 Running dualstreamMerge
2018-08-30 15:55:01 Searching for DualStream entries
2018-08-30 15:55:02 Updated 0 out of 0 entries
Thu Aug 30 16:00:01 CEST 2018 starting main.py in /home/cronjobs/dualstream/python
2018-08-30 16:00:01 Running dualstreamMerge
2018-08-30 16:00:01 Searching for DualStream entries
2018-08-30 16:00:03 Updated 0 out of 0 entries
Thu Aug 30 16:05:01 CEST 2018 starting main.py in /home/cronjobs/dualstream/python
2018-08-30 16:05:01 Running dualstreamMerge
2018-08-30 16:05:01 Searching for DualStream entries
2018-08-30 16:05:02 Updated 0 out of 0 entries
Thu Aug 30 16:10:01 CEST 2018 starting main.py in /home/cronjobs/dualstream/python
2018-08-30 16:10:01 Running dualstreamMerge
2018-08-30 16:10:01 Searching for DualStream entries
2018-08-30 16:10:02 Updated 0 out of 0 entries
Thu Aug 30 16:15:01 CEST 2018 starting main.py in /home/cronjobs/dualstream/python
2018-08-30 16:15:01 Running dualstreamMerge
2018-08-30 16:15:01 Searching for DualStream entries
2018-08-30 16:15:03 Updated 0 out of 0 entries
Thu Aug 30 16:20:01 CEST 2018 starting main.py in /home/cronjobs/dualstream/python
2018-08-30 16:20:01 Running dualstreamMerge
2018-08-30 16:20:01 Searching for DualStream entries
2018-08-30 16:20:02 Updated 0 out of 0 entries
Thu Aug 30 16:25:01 CEST 2018 starting main.py in /home/cronjobs/dualstream/python
2018-08-30 16:25:01 Running dualstreamMerge
2018-08-30 16:25:01 Searching for DualStream entries
2018-08-30 16:25:02 Updated 0 out of 0 entries
Thu Aug 30 16:30:01 CEST 2018 starting main.py in /home/cronjobs/dualstream/python
2018-08-30 16:30:01 Running dualstreamMerge
2018-08-30 16:30:01 Searching for DualStream entries
2018-08-30 16:30:02 Updated 0 out of 0 entries
Thu Aug 30 16:35:01 CEST 2018 starting main.py in /home/cronjobs/dualstream/python
2018-08-30 16:35:01 Running dualstreamMerge
2018-08-30 16:35:01 Searching for DualStream entries
2018-08-30 16:35:02 Updated 0 out of 0 entries
Thu Aug 30 16:40:01 CEST 2018 starting main.py in /home/cronjobs/dualstream/python
2018-08-30 16:40:02 Running dualstreamMerge
2018-08-30 16:40:02 Searching for DualStream entries
2018-08-30 16:40:02 Updated 0 out of 0 entries
Thu Aug 30 16:45:01 CEST 2018 starting main.py in /home/cronjobs/dualstream/python
2018-08-30 16:45:02 Running dualstreamMerge
2018-08-30 16:45:02 Searching for DualStream entries
2018-08-30 16:45:03 Updated 0 out of 0 entries
Thu Aug 30 16:50:01 CEST 2018 starting main.py in /home/cronjobs/dualstream/python
2018-08-30 16:50:01 Running dualstreamMerge
2018-08-30 16:50:01 Searching for DualStream entries
2018-08-30 16:50:02 Updated 0 out of 0 entries
Thu Aug 30 16:55:01 CEST 2018 starting main.py in /home/cronjobs/dualstream/python
2018-08-30 16:55:01 Running dualstreamMerge
2018-08-30 16:55:01 Searching for DualStream entries
2018-08-30 16:55:02 Updated 0 out of 0 entries
Thu Aug 30 17:00:01 CEST 2018 starting main.py in /home/cronjobs/dualstream/python
2018-08-30 17:00:01 Running dualstreamMerge
2018-08-30 17:00:01 Searching for DualStream entries
2018-08-30 17:00:03 Updated 0 out of 0 entries
Thu Aug 30 17:05:01 CEST 2018 starting main.py in /home/cronjobs/dualstream/python
2018-08-30 17:05:01 Running dualstreamMerge
2018-08-30 17:05:01 Searching for DualStream entries
2018-08-30 17:05:02 Updated 0 out of 0 entries
Thu Aug 30 17:10:01 CEST 2018 starting main.py in /home/cronjobs/dualstream/python
2018-08-30 17:10:01 Running dualstreamMerge
2018-08-30 17:10:01 Searching for DualStream entries
2018-08-30 17:10:02 Updated 0 out of 0 entries
Thu Aug 30 17:15:01 CEST 2018 starting main.py in /home/cronjobs/dualstream/python
2018-08-30 17:15:01 Running dualstreamMerge
2018-08-30 17:15:01 Searching for DualStream entries
2018-08-30 17:15:02 Updated 0 out of 0 entries
Thu Aug 30 17:20:01 CEST 2018 starting main.py in /home/cronjobs/dualstream/python
2018-08-30 17:20:01 Running dualstreamMerge
2018-08-30 17:20:01 Searching for DualStream entries
2018-08-30 17:20:02 Updated 0 out of 0 entries
Thu Aug 30 17:25:01 CEST 2018 starting main.py in /home/cronjobs/dualstream/python
2018-08-30 17:25:01 Running dualstreamMerge
2018-08-30 17:25:01 Searching for DualStream entries
2018-08-30 17:25:02 Updated 0 out of 0 entries
Thu Aug 30 17:30:01 CEST 2018 starting main.py in /home/cronjobs/dualstream/python
2018-08-30 17:30:01 Running dualstreamMerge
2018-08-30 17:30:01 Searching for DualStream entries
2018-08-30 17:30:03 Updated 0 out of 0 entries
Thu Aug 30 17:35:01 CEST 2018 starting main.py in /home/cronjobs/dualstream/python
2018-08-30 17:35:01 Running dualstreamMerge
2018-08-30 17:35:01 Searching for DualStream entries
2018-08-30 17:35:02 Updated 0 out of 0 entries
Thu Aug 30 17:40:01 CEST 2018 starting main.py in /home/cronjobs/dualstream/python
2018-08-30 17:40:01 Running dualstreamMerge
2018-08-30 17:40:01 Searching for DualStream entries
2018-08-30 17:40:02 Updated 0 out of 0 entries
Thu Aug 30 17:45:01 CEST 2018 starting main.py in /home/cronjobs/dualstream/python
2018-08-30 17:45:01 Running dualstreamMerge
2018-08-30 17:45:01 Searching for DualStream entries
2018-08-30 17:45:02 Updated 0 out of 0 entries
Thu Aug 30 17:50:01 CEST 2018 starting main.py in /home/cronjobs/dualstream/python
2018-08-30 17:50:01 Running dualstreamMerge
2018-08-30 17:50:01 Searching for DualStream entries
2018-08-30 17:50:02 Updated 0 out of 0 entries
Thu Aug 30 17:55:01 CEST 2018 starting main.py in /home/cronjobs/dualstream/python
2018-08-30 17:55:01 Running dualstreamMerge
2018-08-30 17:55:01 Searching for DualStream entries
2018-08-30 17:55:02 Updated 0 out of 0 entries
Thu Aug 30 18:00:01 CEST 2018 starting main.py in /home/cronjobs/dualstream/python
2018-08-30 18:00:01 Running dualstreamMerge
2018-08-30 18:00:01 Searching for DualStream entries
2018-08-30 18:00:02 Updated 0 out of 0 entries
Thu Aug 30 18:05:01 CEST 2018 starting main.py in /home/cronjobs/dualstream/python
2018-08-30 18:05:01 Running dualstreamMerge
2018-08-30 18:05:01 Searching for DualStream entries
2018-08-30 18:05:02 Updated 0 out of 0 entries
Thu Aug 30 18:10:01 CEST 2018 starting main.py in /home/cronjobs/dualstream/python
2018-08-30 18:10:01 Running dualstreamMerge
2018-08-30 18:10:01 Searching for DualStream entries
2018-08-30 18:10:03 Updated 0 out of 0 entries
Thu Aug 30 18:15:01 CEST 2018 starting main.py in /home/cronjobs/dualstream/python
2018-08-30 18:15:01 Running dualstreamMerge
2018-08-30 18:15:01 Searching for DualStream entries
2018-08-30 18:15:02 Updated 0 out of 0 entries
Thu Aug 30 18:20:01 CEST 2018 starting main.py in /home/cronjobs/dualstream/python
2018-08-30 18:20:01 Running dualstreamMerge
2018-08-30 18:20:01 Searching for DualStream entries
2018-08-30 18:20:02 Updated 0 out of 0 entries
Thu Aug 30 18:25:01 CEST 2018 starting main.py in /home/cronjobs/dualstream/python
2018-08-30 18:25:01 Running dualstreamMerge
2018-08-30 18:25:01 Searching for DualStream entries
2018-08-30 18:25:03 Updated 0 out of 0 entries
Thu Aug 30 18:30:01 CEST 2018 starting main.py in /home/cronjobs/dualstream/python
2018-08-30 18:30:01 Running dualstreamMerge
2018-08-30 18:30:01 Searching for DualStream entries
2018-08-30 18:30:02 Updated 0 out of 0 entries
Thu Aug 30 18:35:01 CEST 2018 starting main.py in /home/cronjobs/dualstream/python
2018-08-30 18:35:01 Running dualstreamMerge
2018-08-30 18:35:01 Searching for DualStream entries
2018-08-30 18:35:03 Updated 0 out of 0 entries
Thu Aug 30 18:40:01 CEST 2018 starting main.py in /home/cronjobs/dualstream/python
2018-08-30 18:40:01 Running dualstreamMerge
2018-08-30 18:40:01 Searching for DualStream entries
2018-08-30 18:40:01 Updated 0 out of 0 entries
Thu Aug 30 18:45:01 CEST 2018 starting main.py in /home/cronjobs/dualstream/python
2018-08-30 18:45:02 Running dualstreamMerge
2018-08-30 18:45:02 Searching for DualStream entries
2018-08-30 18:45:02 Updated 0 out of 0 entries
Thu Aug 30 18:50:01 CEST 2018 starting main.py in /home/cronjobs/dualstream/python
2018-08-30 18:50:02 Running dualstreamMerge
2018-08-30 18:50:02 Searching for DualStream entries
2018-08-30 18:50:02 Updated 0 out of 0 entries
Thu Aug 30 18:55:01 CEST 2018 starting main.py in /home/cronjobs/dualstream/python
2018-08-30 18:55:01 Running dualstreamMerge
2018-08-30 18:55:01 Searching for DualStream entries
2018-08-30 18:55:02 Updated 0 out of 0 entries
Thu Aug 30 19:00:01 CEST 2018 starting main.py in /home/cronjobs/dualstream/python
2018-08-30 19:00:01 Running dualstreamMerge
2018-08-30 19:00:01 Searching for DualStream entries
2018-08-30 19:00:02 Updated 0 out of 0 entries
Thu Aug 30 19:05:01 CEST 2018 starting main.py in /home/cronjobs/dualstream/python
2018-08-30 19:05:01 Running dualstreamMerge
2018-08-30 19:05:01 Searching for DualStream entries
2018-08-30 19:05:02 Updated 0 out of 0 entries
Thu Aug 30 19:10:01 CEST 2018 starting main.py in /home/cronjobs/dualstream/python
2018-08-30 19:10:01 Running dualstreamMerge
2018-08-30 19:10:01 Searching for DualStream entries
2018-08-30 19:10:02 Updated 0 out of 0 entries
Thu Aug 30 19:15:01 CEST 2018 starting main.py in /home/cronjobs/dualstream/python
2018-08-30 19:15:01 Running dualstreamMerge
2018-08-30 19:15:01 Searching for DualStream entries
2018-08-30 19:15:02 Updated 0 out of 0 entries
Thu Aug 30 19:20:01 CEST 2018 starting main.py in /home/cronjobs/dualstream/python
2018-08-30 19:20:01 Running dualstreamMerge
2018-08-30 19:20:01 Searching for DualStream entries
2018-08-30 19:20:03 Updated 0 out of 0 entries
Thu Aug 30 19:25:01 CEST 2018 starting main.py in /home/cronjobs/dualstream/python
2018-08-30 19:25:01 Running dualstreamMerge
2018-08-30 19:25:01 Searching for DualStream entries
2018-08-30 19:25:02 Updated 0 out of 0 entries
Thu Aug 30 19:30:01 CEST 2018 starting main.py in /home/cronjobs/dualstream/python
2018-08-30 19:30:01 Running dualstreamMerge
2018-08-30 19:30:01 Searching for DualStream entries
2018-08-30 19:30:02 Updated 0 out of 0 entries
Thu Aug 30 19:35:01 CEST 2018 starting main.py in /home/cronjobs/dualstream/python
2018-08-30 19:35:01 Running dualstreamMerge
2018-08-30 19:35:01 Searching for DualStream entries
2018-08-30 19:35:03 Updated 0 out of 0 entries
Thu Aug 30 19:40:01 CEST 2018 starting main.py in /home/cronjobs/dualstream/python
2018-08-30 19:40:01 Running dualstreamMerge
2018-08-30 19:40:01 Searching for DualStream entries
2018-08-30 19:40:01 Updated 0 out of 0 entries
Thu Aug 30 19:45:01 CEST 2018 starting main.py in /home/cronjobs/dualstream/python
2018-08-30 19:45:02 Running dualstreamMerge
2018-08-30 19:45:02 Searching for DualStream entries
2018-08-30 19:45:02 Updated 0 out of 0 entries
Thu Aug 30 19:50:01 CEST 2018 starting main.py in /home/cronjobs/dualstream/python
2018-08-30 19:50:01 Running dualstreamMerge
2018-08-30 19:50:01 Searching for DualStream entries
2018-08-30 19:50:02 Updated 0 out of 0 entries
Thu Aug 30 19:55:01 CEST 2018 starting main.py in /home/cronjobs/dualstream/python
2018-08-30 19:55:01 Running dualstreamMerge
2018-08-30 19:55:01 Searching for DualStream entries
2018-08-30 19:55:02 Updated 0 out of 0 entries
Thu Aug 30 20:00:01 CEST 2018 starting main.py in /home/cronjobs/dualstream/python
2018-08-30 20:00:01 Running dualstreamMerge
2018-08-30 20:00:01 Searching for DualStream entries
2018-08-30 20:00:02 Updated 0 out of 0 entries
Thu Aug 30 20:05:01 CEST 2018 starting main.py in /home/cronjobs/dualstream/python
2018-08-30 20:05:01 Running dualstreamMerge
2018-08-30 20:05:01 Searching for DualStream entries
2018-08-30 20:05:02 Updated 0 out of 0 entries
Thu Aug 30 20:10:01 CEST 2018 starting main.py in /home/cronjobs/dualstream/python
2018-08-30 20:10:01 Running dualstreamMerge
2018-08-30 20:10:01 Searching for DualStream entries
2018-08-30 20:10:03 Updated 0 out of 0 entries
Thu Aug 30 20:15:01 CEST 2018 starting main.py in /home/cronjobs/dualstream/python
2018-08-30 20:15:01 Running dualstreamMerge
2018-08-30 20:15:01 Searching for DualStream entries
2018-08-30 20:15:02 Updated 0 out of 0 entries
Thu Aug 30 20:20:01 CEST 2018 starting main.py in /home/cronjobs/dualstream/python
2018-08-30 20:20:01 Running dualstreamMerge
2018-08-30 20:20:01 Searching for DualStream entries
2018-08-30 20:20:01 Updated 0 out of 0 entries
Thu Aug 30 20:25:02 CEST 2018 starting main.py in /home/cronjobs/dualstream/python
2018-08-30 20:25:02 Running dualstreamMerge
2018-08-30 20:25:02 Searching for DualStream entries
2018-08-30 20:25:02 Updated 0 out of 0 entries
Thu Aug 30 20:30:01 CEST 2018 starting main.py in /home/cronjobs/dualstream/python
2018-08-30 20:30:02 Running dualstreamMerge
2018-08-30 20:30:02 Searching for DualStream entries
2018-08-30 20:30:02 Updated 0 out of 0 entries
Thu Aug 30 20:35:01 CEST 2018 starting main.py in /home/cronjobs/dualstream/python
2018-08-30 20:35:01 Running dualstreamMerge
2018-08-30 20:35:01 Searching for DualStream entries
2018-08-30 20:35:02 Updated 0 out of 0 entries
Thu Aug 30 20:40:01 CEST 2018 starting main.py in /home/cronjobs/dualstream/python
2018-08-30 20:40:01 Running dualstreamMerge
2018-08-30 20:40:01 Searching for DualStream entries
2018-08-30 20:40:02 Updated 0 out of 0 entries
Thu Aug 30 20:45:01 CEST 2018 starting main.py in /home/cronjobs/dualstream/python
2018-08-30 20:45:01 Running dualstreamMerge
2018-08-30 20:45:01 Searching for DualStream entries
2018-08-30 20:45:02 Updated 0 out of 0 entries
Thu Aug 30 20:50:01 CEST 2018 starting main.py in /home/cronjobs/dualstream/python
2018-08-30 20:50:01 Running dualstreamMerge
2018-08-30 20:50:01 Searching for DualStream entries
2018-08-30 20:50:03 Updated 0 out of 0 entries
Thu Aug 30 20:55:01 CEST 2018 starting main.py in /home/cronjobs/dualstream/python
2018-08-30 20:55:01 Running dualstreamMerge
2018-08-30 20:55:01 Searching for DualStream entries
2018-08-30 20:55:02 Updated 0 out of 0 entries
Thu Aug 30 21:00:01 CEST 2018 starting main.py in /home/cronjobs/dualstream/python
2018-08-30 21:00:01 Running dualstreamMerge
2018-08-30 21:00:01 Searching for DualStream entries
2018-08-30 21:00:04 Updated 0 out of 0 entries
Thu Aug 30 21:05:01 CEST 2018 starting main.py in /home/cronjobs/dualstream/python
2018-08-30 21:05:01 Running dualstreamMerge
2018-08-30 21:05:01 Searching for DualStream entries
2018-08-30 21:05:02 Updated 0 out of 0 entries
Thu Aug 30 21:10:01 CEST 2018 starting main.py in /home/cronjobs/dualstream/python
2018-08-30 21:10:01 Running dualstreamMerge
2018-08-30 21:10:01 Searching for DualStream entries
2018-08-30 21:10:02 Updated 0 out of 0 entries
Thu Aug 30 21:15:01 CEST 2018 starting main.py in /home/cronjobs/dualstream/python
2018-08-30 21:15:02 Running dualstreamMerge
2018-08-30 21:15:02 Searching for DualStream entries
2018-08-30 21:15:02 Updated 0 out of 0 entries
Thu Aug 30 21:20:01 CEST 2018 starting main.py in /home/cronjobs/dualstream/python
2018-08-30 21:20:01 Running dualstreamMerge
2018-08-30 21:20:01 Searching for DualStream entries
2018-08-30 21:20:02 Updated 0 out of 0 entries
Thu Aug 30 21:25:01 CEST 2018 starting main.py in /home/cronjobs/dualstream/python
2018-08-30 21:25:01 Running dualstreamMerge
2018-08-30 21:25:01 Searching for DualStream entries
2018-08-30 21:25:03 Updated 0 out of 0 entries
Thu Aug 30 21:30:01 CEST 2018 starting main.py in /home/cronjobs/dualstream/python
2018-08-30 21:30:01 Running dualstreamMerge
2018-08-30 21:30:01 Searching for DualStream entries
2018-08-30 21:30:02 Updated 0 out of 0 entries
Thu Aug 30 21:35:01 CEST 2018 starting main.py in /home/cronjobs/dualstream/python
2018-08-30 21:35:01 Running dualstreamMerge
2018-08-30 21:35:01 Searching for DualStream entries
2018-08-30 21:35:02 Updated 0 out of 0 entries
Thu Aug 30 21:40:01 CEST 2018 starting main.py in /home/cronjobs/dualstream/python
2018-08-30 21:40:01 Running dualstreamMerge
2018-08-30 21:40:01 Searching for DualStream entries
2018-08-30 21:40:02 Updated 0 out of 0 entries
Thu Aug 30 21:45:01 CEST 2018 starting main.py in /home/cronjobs/dualstream/python
2018-08-30 21:45:01 Running dualstreamMerge
2018-08-30 21:45:01 Searching for DualStream entries
2018-08-30 21:45:01 Updated 0 out of 0 entries
Thu Aug 30 21:50:02 CEST 2018 starting main.py in /home/cronjobs/dualstream/python
2018-08-30 21:50:02 Running dualstreamMerge
2018-08-30 21:50:02 Searching for DualStream entries
2018-08-30 21:50:02 Updated 0 out of 0 entries
Thu Aug 30 21:55:01 CEST 2018 starting main.py in /home/cronjobs/dualstream/python
2018-08-30 21:55:02 Running dualstreamMerge
2018-08-30 21:55:02 Searching for DualStream entries
2018-08-30 21:55:02 Updated 0 out of 0 entries
Thu Aug 30 22:00:01 CEST 2018 starting main.py in /home/cronjobs/dualstream/python
2018-08-30 22:00:02 Running dualstreamMerge
2018-08-30 22:00:02 Searching for DualStream entries
2018-08-30 22:00:02 Updated 0 out of 0 entries
Thu Aug 30 22:05:01 CEST 2018 starting main.py in /home/cronjobs/dualstream/python
2018-08-30 22:05:01 Running dualstreamMerge
2018-08-30 22:05:01 Searching for DualStream entries
2018-08-30 22:05:02 Updated 0 out of 0 entries
Thu Aug 30 22:10:01 CEST 2018 starting main.py in /home/cronjobs/dualstream/python
2018-08-30 22:10:01 Running dualstreamMerge
2018-08-30 22:10:01 Searching for DualStream entries
2018-08-30 22:10:02 Updated 0 out of 0 entries
Thu Aug 30 22:15:01 CEST 2018 starting main.py in /home/cronjobs/dualstream/python
2018-08-30 22:15:02 Running dualstreamMerge
2018-08-30 22:15:02 Searching for DualStream entries
2018-08-30 22:15:03 Updated 0 out of 0 entries
Thu Aug 30 22:20:01 CEST 2018 starting main.py in /home/cronjobs/dualstream/python
2018-08-30 22:20:01 Running dualstreamMerge
2018-08-30 22:20:01 Searching for DualStream entries
2018-08-30 22:20:02 Updated 0 out of 0 entries
Thu Aug 30 22:25:01 CEST 2018 starting main.py in /home/cronjobs/dualstream/python
2018-08-30 22:25:01 Running dualstreamMerge
2018-08-30 22:25:01 Searching for DualStream entries
2018-08-30 22:25:02 Updated 0 out of 0 entries
Thu Aug 30 22:30:01 CEST 2018 starting main.py in /home/cronjobs/dualstream/python
2018-08-30 22:30:01 Running dualstreamMerge
2018-08-30 22:30:01 Searching for DualStream entries
2018-08-30 22:30:02 Updated 0 out of 0 entries
Thu Aug 30 22:35:02 CEST 2018 starting main.py in /home/cronjobs/dualstream/python
2018-08-30 22:35:02 Running dualstreamMerge
2018-08-30 22:35:02 Searching for DualStream entries
2018-08-30 22:35:02 Updated 0 out of 0 entries
Thu Aug 30 22:40:01 CEST 2018 starting main.py in /home/cronjobs/dualstream/python
2018-08-30 22:40:02 Running dualstreamMerge
2018-08-30 22:40:02 Searching for DualStream entries
2018-08-30 22:40:02 Updated 0 out of 0 entries
Thu Aug 30 22:45:01 CEST 2018 starting main.py in /home/cronjobs/dualstream/python
2018-08-30 22:45:01 Running dualstreamMerge
2018-08-30 22:45:01 Searching for DualStream entries
2018-08-30 22:45:02 Updated 0 out of 0 entries
Thu Aug 30 22:50:01 CEST 2018 starting main.py in /home/cronjobs/dualstream/python
2018-08-30 22:50:01 Running dualstreamMerge
2018-08-30 22:50:01 Searching for DualStream entries
2018-08-30 22:50:03 Updated 0 out of 0 entries
Thu Aug 30 22:55:01 CEST 2018 starting main.py in /home/cronjobs/dualstream/python
2018-08-30 22:55:01 Running dualstreamMerge
2018-08-30 22:55:01 Searching for DualStream entries
2018-08-30 22:55:02 Updated 0 out of 0 entries
Thu Aug 30 23:00:01 CEST 2018 starting main.py in /home/cronjobs/dualstream/python
2018-08-30 23:00:01 Running dualstreamMerge
2018-08-30 23:00:01 Searching for DualStream entries
2018-08-30 23:00:03 Updated 0 out of 0 entries
Thu Aug 30 23:05:01 CEST 2018 starting main.py in /home/cronjobs/dualstream/python
2018-08-30 23:05:01 Running dualstreamMerge
2018-08-30 23:05:01 Searching for DualStream entries
2018-08-30 23:05:02 Updated 0 out of 0 entries
Thu Aug 30 23:10:01 CEST 2018 starting main.py in /home/cronjobs/dualstream/python
2018-08-30 23:10:01 Running dualstreamMerge
2018-08-30 23:10:01 Searching for DualStream entries
2018-08-30 23:10:02 Updated 0 out of 0 entries
Thu Aug 30 23:15:01 CEST 2018 starting main.py in /home/cronjobs/dualstream/python
2018-08-30 23:15:01 Running dualstreamMerge
2018-08-30 23:15:01 Searching for DualStream entries
2018-08-30 23:15:02 Updated 0 out of 0 entries
Thu Aug 30 23:20:01 CEST 2018 starting main.py in /home/cronjobs/dualstream/python
2018-08-30 23:20:01 Running dualstreamMerge
2018-08-30 23:20:01 Searching for DualStream entries
2018-08-30 23:20:02 Updated 0 out of 0 entries
Thu Aug 30 23:25:01 CEST 2018 starting main.py in /home/cronjobs/dualstream/python
2018-08-30 23:25:01 Running dualstreamMerge
2018-08-30 23:25:01 Searching for DualStream entries
2018-08-30 23:25:01 Updated 0 out of 0 entries
Thu Aug 30 23:30:01 CEST 2018 starting main.py in /home/cronjobs/dualstream/python
2018-08-30 23:30:01 Running dualstreamMerge
2018-08-30 23:30:01 Searching for DualStream entries
2018-08-30 23:30:02 Updated 0 out of 0 entries
Thu Aug 30 23:35:01 CEST 2018 starting main.py in /home/cronjobs/dualstream/python
2018-08-30 23:35:02 Running dualstreamMerge
2018-08-30 23:35:02 Searching for DualStream entries
2018-08-30 23:35:03 Updated 0 out of 0 entries
Thu Aug 30 23:40:01 CEST 2018 starting main.py in /home/cronjobs/dualstream/python
2018-08-30 23:40:01 Running dualstreamMerge
2018-08-30 23:40:01 Searching for DualStream entries
2018-08-30 23:40:02 Updated 0 out of 0 entries
Thu Aug 30 23:45:01 CEST 2018 starting main.py in /home/cronjobs/dualstream/python
2018-08-30 23:45:01 Running dualstreamMerge
2018-08-30 23:45:01 Searching for DualStream entries
2018-08-30 23:45:02 Updated 0 out of 0 entries
Thu Aug 30 23:50:01 CEST 2018 starting main.py in /home/cronjobs/dualstream/python
2018-08-30 23:50:01 Running dualstreamMerge
2018-08-30 23:50:01 Searching for DualStream entries
2018-08-30 23:50:02 Updated 0 out of 0 entries
Thu Aug 30 23:55:01 CEST 2018 starting main.py in /home/cronjobs/dualstream/python
2018-08-30 23:55:01 Running dualstreamMerge
2018-08-30 23:55:01 Searching for DualStream entries
2018-08-30 23:55:02 Updated 0 out of 0 entries
Fri Aug 31 00:00:01 CEST 2018 starting main.py in /home/cronjobs/dualstream/python
2018-08-31 00:00:01 Running dualstreamMerge
2018-08-31 00:00:01 Searching for DualStream entries
2018-08-31 00:00:03 Updated 0 out of 0 entries
Fri Aug 31 00:05:02 CEST 2018 starting main.py in /home/cronjobs/dualstream/python
2018-08-31 00:05:02 Running dualstreamMerge
2018-08-31 00:05:02 Searching for DualStream entries
2018-08-31 00:05:02 Updated 0 out of 0 entries
Fri Aug 31 00:10:01 CEST 2018 starting main.py in /home/cronjobs/dualstream/python
2018-08-31 00:10:02 Running dualstreamMerge
2018-08-31 00:10:02 Searching for DualStream entries
2018-08-31 00:10:02 Updated 0 out of 0 entries
Fri Aug 31 00:15:01 CEST 2018 starting main.py in /home/cronjobs/dualstream/python
2018-08-31 00:15:01 Running dualstreamMerge
2018-08-31 00:15:01 Searching for DualStream entries
2018-08-31 00:15:02 Updated 0 out of 0 entries
Fri Aug 31 00:20:01 CEST 2018 starting main.py in /home/cronjobs/dualstream/python
2018-08-31 00:20:01 Running dualstreamMerge
2018-08-31 00:20:01 Searching for DualStream entries
2018-08-31 00:20:02 Updated 0 out of 0 entries
Fri Aug 31 00:25:01 CEST 2018 starting main.py in /home/cronjobs/dualstream/python
2018-08-31 00:25:01 Running dualstreamMerge
2018-08-31 00:25:01 Searching for DualStream entries
2018-08-31 00:25:03 Updated 0 out of 0 entries
Fri Aug 31 00:30:01 CEST 2018 starting main.py in /home/cronjobs/dualstream/python
2018-08-31 00:30:01 Running dualstreamMerge
2018-08-31 00:30:01 Searching for DualStream entries
2018-08-31 00:30:01 Updated 0 out of 0 entries
Fri Aug 31 00:35:02 CEST 2018 starting main.py in /home/cronjobs/dualstream/python
2018-08-31 00:35:02 Running dualstreamMerge
2018-08-31 00:35:02 Searching for DualStream entries
2018-08-31 00:35:03 Updated 0 out of 0 entries
Fri Aug 31 00:40:01 CEST 2018 starting main.py in /home/cronjobs/dualstream/python
2018-08-31 00:40:01 Running dualstreamMerge
2018-08-31 00:40:01 Searching for DualStream entries
2018-08-31 00:40:02 Updated 0 out of 0 entries
Fri Aug 31 00:45:01 CEST 2018 starting main.py in /home/cronjobs/dualstream/python
2018-08-31 00:45:01 Running dualstreamMerge
2018-08-31 00:45:01 Searching for DualStream entries
2018-08-31 00:45:03 Updated 0 out of 0 entries
Fri Aug 31 00:50:01 CEST 2018 starting main.py in /home/cronjobs/dualstream/python
2018-08-31 00:50:01 Running dualstreamMerge
2018-08-31 00:50:01 Searching for DualStream entries
2018-08-31 00:50:02 Updated 0 out of 0 entries
Fri Aug 31 00:55:01 CEST 2018 starting main.py in /home/cronjobs/dualstream/python
2018-08-31 00:55:01 Running dualstreamMerge
2018-08-31 00:55:01 Searching for DualStream entries
2018-08-31 00:55:03 Updated 0 out of 0 entries
Fri Aug 31 01:00:01 CEST 2018 starting main.py in /home/cronjobs/dualstream/python
2018-08-31 01:00:01 Running dualstreamMerge
2018-08-31 01:00:01 Searching for DualStream entries
2018-08-31 01:00:02 Updated 0 out of 0 entries
Fri Aug 31 01:05:01 CEST 2018 starting main.py in /home/cronjobs/dualstream/python
2018-08-31 01:05:01 Running dualstreamMerge
2018-08-31 01:05:01 Searching for DualStream entries
2018-08-31 01:05:03 Updated 0 out of 0 entries
Fri Aug 31 01:10:01 CEST 2018 starting main.py in /home/cronjobs/dualstream/python
2018-08-31 01:10:01 Running dualstreamMerge
2018-08-31 01:10:01 Searching for DualStream entries
2018-08-31 01:10:02 Updated 0 out of 0 entries
Fri Aug 31 01:15:01 CEST 2018 starting main.py in /home/cronjobs/dualstream/python
2018-08-31 01:15:01 Running dualstreamMerge
2018-08-31 01:15:01 Searching for DualStream entries
2018-08-31 01:15:01 Updated 0 out of 0 entries
Fri Aug 31 01:20:02 CEST 2018 starting main.py in /home/cronjobs/dualstream/python
2018-08-31 01:20:02 Running dualstreamMerge
2018-08-31 01:20:02 Searching for DualStream entries
2018-08-31 01:20:02 Updated 0 out of 0 entries
Fri Aug 31 01:25:01 CEST 2018 starting main.py in /home/cronjobs/dualstream/python
2018-08-31 01:25:02 Running dualstreamMerge
2018-08-31 01:25:02 Searching for DualStream entries
2018-08-31 01:25:02 Updated 0 out of 0 entries
Fri Aug 31 01:30:01 CEST 2018 starting main.py in /home/cronjobs/dualstream/python
2018-08-31 01:30:02 Running dualstreamMerge
2018-08-31 01:30:02 Searching for DualStream entries
2018-08-31 01:30:03 Updated 0 out of 0 entries
Fri Aug 31 01:35:01 CEST 2018 starting main.py in /home/cronjobs/dualstream/python
2018-08-31 01:35:01 Running dualstreamMerge
2018-08-31 01:35:01 Searching for DualStream entries
2018-08-31 01:35:02 Updated 0 out of 0 entries
Fri Aug 31 01:40:01 CEST 2018 starting main.py in /home/cronjobs/dualstream/python
2018-08-31 01:40:01 Running dualstreamMerge
2018-08-31 01:40:01 Searching for DualStream entries
2018-08-31 01:40:02 Updated 0 out of 0 entries
Fri Aug 31 01:45:02 CEST 2018 starting main.py in /home/cronjobs/dualstream/python
2018-08-31 01:45:02 Running dualstreamMerge
2018-08-31 01:45:02 Searching for DualStream entries
2018-08-31 01:45:02 Updated 0 out of 0 entries
Fri Aug 31 01:50:01 CEST 2018 starting main.py in /home/cronjobs/dualstream/python
2018-08-31 01:50:02 Running dualstreamMerge
2018-08-31 01:50:02 Searching for DualStream entries
2018-08-31 01:50:03 Updated 0 out of 0 entries
Fri Aug 31 01:55:01 CEST 2018 starting main.py in /home/cronjobs/dualstream/python
2018-08-31 01:55:01 Running dualstreamMerge
2018-08-31 01:55:01 Searching for DualStream entries
2018-08-31 01:55:02 Updated 0 out of 0 entries
Fri Aug 31 02:00:01 CEST 2018 starting main.py in /home/cronjobs/dualstream/python
2018-08-31 02:00:01 Running dualstreamMerge
2018-08-31 02:00:01 Searching for DualStream entries
2018-08-31 02:00:02 Updated 0 out of 0 entries
Fri Aug 31 02:05:01 CEST 2018 starting main.py in /home/cronjobs/dualstream/python
2018-08-31 02:05:02 Running dualstreamMerge
2018-08-31 02:05:02 Searching for DualStream entries
2018-08-31 02:05:02 Updated 0 out of 0 entries
Fri Aug 31 02:10:01 CEST 2018 starting main.py in /home/cronjobs/dualstream/python
2018-08-31 02:10:02 Running dualstreamMerge
2018-08-31 02:10:02 Searching for DualStream entries
2018-08-31 02:10:02 Updated 0 out of 0 entries
Fri Aug 31 02:15:01 CEST 2018 starting main.py in /home/cronjobs/dualstream/python
2018-08-31 02:15:01 Running dualstreamMerge
2018-08-31 02:15:01 Searching for DualStream entries
2018-08-31 02:15:02 Updated 0 out of 0 entries
Fri Aug 31 02:20:01 CEST 2018 starting main.py in /home/cronjobs/dualstream/python
2018-08-31 02:20:01 Running dualstreamMerge
2018-08-31 02:20:01 Searching for DualStream entries
2018-08-31 02:20:02 Updated 0 out of 0 entries
Fri Aug 31 02:25:01 CEST 2018 starting main.py in /home/cronjobs/dualstream/python
2018-08-31 02:25:01 Running dualstreamMerge
2018-08-31 02:25:01 Searching for DualStream entries
2018-08-31 02:25:02 Updated 0 out of 0 entries
Fri Aug 31 02:30:01 CEST 2018 starting main.py in /home/cronjobs/dualstream/python
2018-08-31 02:30:01 Running dualstreamMerge
2018-08-31 02:30:01 Searching for DualStream entries
2018-08-31 02:30:02 Updated 0 out of 0 entries
Fri Aug 31 02:35:01 CEST 2018 starting main.py in /home/cronjobs/dualstream/python
2018-08-31 02:35:01 Running dualstreamMerge
2018-08-31 02:35:01 Searching for DualStream entries
2018-08-31 02:35:02 Updated 0 out of 0 entries
Fri Aug 31 02:40:01 CEST 2018 starting main.py in /home/cronjobs/dualstream/python
2018-08-31 02:40:01 Running dualstreamMerge
2018-08-31 02:40:01 Searching for DualStream entries
2018-08-31 02:40:02 Updated 0 out of 0 entries
Fri Aug 31 02:45:01 CEST 2018 starting main.py in /home/cronjobs/dualstream/python
2018-08-31 02:45:01 Running dualstreamMerge
2018-08-31 02:45:01 Searching for DualStream entries
2018-08-31 02:45:02 Updated 0 out of 0 entries
Fri Aug 31 02:50:01 CEST 2018 starting main.py in /home/cronjobs/dualstream/python
2018-08-31 02:50:01 Running dualstreamMerge
2018-08-31 02:50:01 Searching for DualStream entries
2018-08-31 02:50:02 Updated 0 out of 0 entries
Fri Aug 31 02:55:01 CEST 2018 starting main.py in /home/cronjobs/dualstream/python
2018-08-31 02:55:01 Running dualstreamMerge
2018-08-31 02:55:01 Searching for DualStream entries
2018-08-31 02:55:02 Updated 0 out of 0 entries
Fri Aug 31 03:00:01 CEST 2018 starting main.py in /home/cronjobs/dualstream/python
2018-08-31 03:00:01 Running dualstreamMerge
2018-08-31 03:00:01 Searching for DualStream entries
2018-08-31 03:00:02 Updated 0 out of 0 entries
Fri Aug 31 03:05:01 CEST 2018 starting main.py in /home/cronjobs/dualstream/python
2018-08-31 03:05:01 Running dualstreamMerge
2018-08-31 03:05:01 Searching for DualStream entries
2018-08-31 03:05:02 Updated 0 out of 0 entries
Fri Aug 31 03:10:01 CEST 2018 starting main.py in /home/cronjobs/dualstream/python
2018-08-31 03:10:01 Running dualstreamMerge
2018-08-31 03:10:01 Searching for DualStream entries
2018-08-31 03:10:03 Updated 0 out of 0 entries
Fri Aug 31 03:15:01 CEST 2018 starting main.py in /home/cronjobs/dualstream/python
2018-08-31 03:15:01 Running dualstreamMerge
2018-08-31 03:15:01 Searching for DualStream entries
2018-08-31 03:15:02 Updated 0 out of 0 entries
Fri Aug 31 03:20:01 CEST 2018 starting main.py in /home/cronjobs/dualstream/python
2018-08-31 03:20:01 Running dualstreamMerge
2018-08-31 03:20:01 Searching for DualStream entries
2018-08-31 03:20:02 Updated 0 out of 0 entries
Fri Aug 31 03:25:01 CEST 2018 starting main.py in /home/cronjobs/dualstream/python
2018-08-31 03:25:01 Running dualstreamMerge
2018-08-31 03:25:01 Searching for DualStream entries
2018-08-31 03:25:02 Updated 0 out of 0 entries
Fri Aug 31 03:30:01 CEST 2018 starting main.py in /home/cronjobs/dualstream/python
2018-08-31 03:30:01 Running dualstreamMerge
2018-08-31 03:30:01 Searching for DualStream entries
2018-08-31 03:30:02 Updated 0 out of 0 entries
Fri Aug 31 03:35:01 CEST 2018 starting main.py in /home/cronjobs/dualstream/python
2018-08-31 03:35:01 Running dualstreamMerge
2018-08-31 03:35:01 Searching for DualStream entries
2018-08-31 03:35:02 Updated 0 out of 0 entries
Fri Aug 31 03:40:01 CEST 2018 starting main.py in /home/cronjobs/dualstream/python
2018-08-31 03:40:01 Running dualstreamMerge
2018-08-31 03:40:01 Searching for DualStream entries
2018-08-31 03:40:06 Updated 0 out of 0 entries
Fri Aug 31 03:45:01 CEST 2018 starting main.py in /home/cronjobs/dualstream/python
2018-08-31 03:45:01 Running dualstreamMerge
2018-08-31 03:45:01 Searching for DualStream entries
2018-08-31 03:45:02 Updated 0 out of 0 entries
Fri Aug 31 03:50:01 CEST 2018 starting main.py in /home/cronjobs/dualstream/python
2018-08-31 03:50:01 Running dualstreamMerge
2018-08-31 03:50:01 Searching for DualStream entries
2018-08-31 03:50:01 Updated 0 out of 0 entries
Fri Aug 31 03:55:02 CEST 2018 starting main.py in /home/cronjobs/dualstream/python
2018-08-31 03:55:02 Running dualstreamMerge
2018-08-31 03:55:02 Searching for DualStream entries
2018-08-31 03:55:03 Updated 0 out of 0 entries
Fri Aug 31 04:00:01 CEST 2018 starting main.py in /home/cronjobs/dualstream/python
2018-08-31 04:00:01 Running dualstreamMerge
2018-08-31 04:00:01 Searching for DualStream entries
2018-08-31 04:00:02 Updated 0 out of 0 entries
Fri Aug 31 04:05:01 CEST 2018 starting main.py in /home/cronjobs/dualstream/python
2018-08-31 04:05:01 Running dualstreamMerge
2018-08-31 04:05:01 Searching for DualStream entries
2018-08-31 04:05:02 Updated 0 out of 0 entries
Fri Aug 31 04:10:01 CEST 2018 starting main.py in /home/cronjobs/dualstream/python
2018-08-31 04:10:01 Running dualstreamMerge
2018-08-31 04:10:01 Searching for DualStream entries
2018-08-31 04:10:02 Updated 0 out of 0 entries
Fri Aug 31 04:15:01 CEST 2018 starting main.py in /home/cronjobs/dualstream/python
2018-08-31 04:15:01 Running dualstreamMerge
2018-08-31 04:15:01 Searching for DualStream entries
2018-08-31 04:15:02 Updated 0 out of 0 entries
Fri Aug 31 04:20:01 CEST 2018 starting main.py in /home/cronjobs/dualstream/python
2018-08-31 04:20:01 Running dualstreamMerge
2018-08-31 04:20:01 Searching for DualStream entries
2018-08-31 04:20:02 Updated 0 out of 0 entries
Fri Aug 31 04:25:01 CEST 2018 starting main.py in /home/cronjobs/dualstream/python
2018-08-31 04:25:01 Running dualstreamMerge
2018-08-31 04:25:01 Searching for DualStream entries
2018-08-31 04:25:02 Updated 0 out of 0 entries
Fri Aug 31 04:30:01 CEST 2018 starting main.py in /home/cronjobs/dualstream/python
2018-08-31 04:30:01 Running dualstreamMerge
2018-08-31 04:30:01 Searching for DualStream entries
2018-08-31 04:30:02 Updated 0 out of 0 entries
Fri Aug 31 04:35:01 CEST 2018 starting main.py in /home/cronjobs/dualstream/python
2018-08-31 04:35:01 Running dualstreamMerge
2018-08-31 04:35:01 Searching for DualStream entries
2018-08-31 04:35:01 Updated 0 out of 0 entries
Fri Aug 31 04:40:02 CEST 2018 starting main.py in /home/cronjobs/dualstream/python
2018-08-31 04:40:02 Running dualstreamMerge
2018-08-31 04:40:02 Searching for DualStream entries
2018-08-31 04:40:02 Updated 0 out of 0 entries
Fri Aug 31 04:45:01 CEST 2018 starting main.py in /home/cronjobs/dualstream/python
2018-08-31 04:45:02 Running dualstreamMerge
2018-08-31 04:45:02 Searching for DualStream entries
2018-08-31 04:45:03 Updated 0 out of 0 entries
Fri Aug 31 04:50:01 CEST 2018 starting main.py in /home/cronjobs/dualstream/python
2018-08-31 04:50:01 Running dualstreamMerge
2018-08-31 04:50:01 Searching for DualStream entries
2018-08-31 04:50:02 Updated 0 out of 0 entries
Fri Aug 31 04:55:01 CEST 2018 starting main.py in /home/cronjobs/dualstream/python
2018-08-31 04:55:01 Running dualstreamMerge
2018-08-31 04:55:01 Searching for DualStream entries
2018-08-31 04:55:02 Updated 0 out of 0 entries
Fri Aug 31 05:00:01 CEST 2018 starting main.py in /home/cronjobs/dualstream/python
2018-08-31 05:00:01 Running dualstreamMerge
2018-08-31 05:00:01 Searching for DualStream entries
2018-08-31 05:00:02 Updated 0 out of 0 entries
Fri Aug 31 05:05:01 CEST 2018 starting main.py in /home/cronjobs/dualstream/python
2018-08-31 05:05:01 Running dualstreamMerge
2018-08-31 05:05:01 Searching for DualStream entries
2018-08-31 05:05:01 Updated 0 out of 0 entries
Fri Aug 31 05:10:01 CEST 2018 starting main.py in /home/cronjobs/dualstream/python
2018-08-31 05:10:01 Running dualstreamMerge
2018-08-31 05:10:01 Searching for DualStream entries
2018-08-31 05:10:02 Updated 0 out of 0 entries
Fri Aug 31 05:15:01 CEST 2018 starting main.py in /home/cronjobs/dualstream/python
2018-08-31 05:15:02 Running dualstreamMerge
2018-08-31 05:15:02 Searching for DualStream entries
2018-08-31 05:15:02 Updated 0 out of 0 entries
Fri Aug 31 05:20:01 CEST 2018 starting main.py in /home/cronjobs/dualstream/python
2018-08-31 05:20:01 Running dualstreamMerge
2018-08-31 05:20:01 Searching for DualStream entries
2018-08-31 05:20:02 Updated 0 out of 0 entries
Fri Aug 31 05:25:01 CEST 2018 starting main.py in /home/cronjobs/dualstream/python
2018-08-31 05:25:01 Running dualstreamMerge
2018-08-31 05:25:01 Searching for DualStream entries
2018-08-31 05:25:02 Updated 0 out of 0 entries
Fri Aug 31 05:30:01 CEST 2018 starting main.py in /home/cronjobs/dualstream/python
2018-08-31 05:30:01 Running dualstreamMerge
2018-08-31 05:30:01 Searching for DualStream entries
2018-08-31 05:30:02 Updated 0 out of 0 entries
Fri Aug 31 05:35:01 CEST 2018 starting main.py in /home/cronjobs/dualstream/python
2018-08-31 05:35:01 Running dualstreamMerge
2018-08-31 05:35:01 Searching for DualStream entries
2018-08-31 05:35:02 Updated 0 out of 0 entries
Fri Aug 31 05:40:01 CEST 2018 starting main.py in /home/cronjobs/dualstream/python
2018-08-31 05:40:02 Running dualstreamMerge
2018-08-31 05:40:02 Searching for DualStream entries
2018-08-31 05:40:02 Updated 0 out of 0 entries
Fri Aug 31 05:45:01 CEST 2018 starting main.py in /home/cronjobs/dualstream/python
2018-08-31 05:45:01 Running dualstreamMerge
2018-08-31 05:45:01 Searching for DualStream entries
2018-08-31 05:45:03 Updated 0 out of 0 entries
Fri Aug 31 05:50:01 CEST 2018 starting main.py in /home/cronjobs/dualstream/python
2018-08-31 05:50:01 Running dualstreamMerge
2018-08-31 05:50:01 Searching for DualStream entries
2018-08-31 05:50:02 Updated 0 out of 0 entries
Fri Aug 31 05:55:01 CEST 2018 starting main.py in /home/cronjobs/dualstream/python
2018-08-31 05:55:01 Running dualstreamMerge
2018-08-31 05:55:01 Searching for DualStream entries
2018-08-31 05:55:02 Updated 0 out of 0 entries
Fri Aug 31 06:00:01 CEST 2018 starting main.py in /home/cronjobs/dualstream/python
2018-08-31 06:00:01 Running dualstreamMerge
2018-08-31 06:00:01 Searching for DualStream entries
2018-08-31 06:00:02 Updated 0 out of 0 entries
Fri Aug 31 06:05:01 CEST 2018 starting main.py in /home/cronjobs/dualstream/python
2018-08-31 06:05:01 Running dualstreamMerge
2018-08-31 06:05:01 Searching for DualStream entries
2018-08-31 06:05:02 Updated 0 out of 0 entries
Fri Aug 31 06:10:01 CEST 2018 starting main.py in /home/cronjobs/dualstream/python
2018-08-31 06:10:01 Running dualstreamMerge
2018-08-31 06:10:01 Searching for DualStream entries
2018-08-31 06:10:02 Updated 0 out of 0 entries
Fri Aug 31 06:15:01 CEST 2018 starting main.py in /home/cronjobs/dualstream/python
2018-08-31 06:15:01 Running dualstreamMerge
2018-08-31 06:15:01 Searching for DualStream entries
2018-08-31 06:15:01 Updated 0 out of 0 entries
Fri Aug 31 06:20:02 CEST 2018 starting main.py in /home/cronjobs/dualstream/python
2018-08-31 06:20:02 Running dualstreamMerge
2018-08-31 06:20:02 Searching for DualStream entries
2018-08-31 06:20:02 Updated 0 out of 0 entries
Fri Aug 31 06:25:01 CEST 2018 starting main.py in /home/cronjobs/dualstream/python
2018-08-31 06:25:02 Running dualstreamMerge
2018-08-31 06:25:02 Searching for DualStream entries
2018-08-31 06:25:03 Updated 0 out of 0 entries
Fri Aug 31 06:30:01 CEST 2018 starting main.py in /home/cronjobs/dualstream/python
2018-08-31 06:30:01 Running dualstreamMerge
2018-08-31 06:30:01 Searching for DualStream entries
2018-08-31 06:30:02 Updated 0 out of 0 entries
Fri Aug 31 06:35:01 CEST 2018 starting main.py in /home/cronjobs/dualstream/python
2018-08-31 06:35:01 Running dualstreamMerge
2018-08-31 06:35:01 Searching for DualStream entries
2018-08-31 06:35:02 Updated 0 out of 0 entries
Fri Aug 31 06:40:01 CEST 2018 starting main.py in /home/cronjobs/dualstream/python
2018-08-31 06:40:02 Running dualstreamMerge
2018-08-31 06:40:02 Searching for DualStream entries
2018-08-31 06:40:02 Updated 0 out of 0 entries
Fri Aug 31 06:45:01 CEST 2018 starting main.py in /home/cronjobs/dualstream/python
2018-08-31 06:45:01 Running dualstreamMerge
2018-08-31 06:45:01 Searching for DualStream entries
2018-08-31 06:45:02 Updated 0 out of 0 entries
Fri Aug 31 06:50:01 CEST 2018 starting main.py in /home/cronjobs/dualstream/python
2018-08-31 06:50:01 Running dualstreamMerge
2018-08-31 06:50:01 Searching for DualStream entries
2018-08-31 06:50:02 Updated 0 out of 0 entries
Fri Aug 31 06:55:01 CEST 2018 starting main.py in /home/cronjobs/dualstream/python
2018-08-31 06:55:01 Running dualstreamMerge
2018-08-31 06:55:01 Searching for DualStream entries
2018-08-31 06:55:02 Updated 0 out of 0 entries
Fri Aug 31 07:00:01 CEST 2018 starting main.py in /home/cronjobs/dualstream/python
2018-08-31 07:00:01 Running dualstreamMerge
2018-08-31 07:00:01 Searching for DualStream entries
2018-08-31 07:00:02 Updated 0 out of 0 entries
Fri Aug 31 07:05:01 CEST 2018 starting main.py in /home/cronjobs/dualstream/python
2018-08-31 07:05:01 Running dualstreamMerge
2018-08-31 07:05:01 Searching for DualStream entries
2018-08-31 07:05:02 Updated 0 out of 0 entries
Fri Aug 31 07:10:01 CEST 2018 starting main.py in /home/cronjobs/dualstream/python
2018-08-31 07:10:01 Running dualstreamMerge
2018-08-31 07:10:01 Searching for DualStream entries
2018-08-31 07:10:02 Updated 0 out of 0 entries
Fri Aug 31 07:15:01 CEST 2018 starting main.py in /home/cronjobs/dualstream/python
2018-08-31 07:15:01 Running dualstreamMerge
2018-08-31 07:15:01 Searching for DualStream entries
2018-08-31 07:15:02 Updated 0 out of 0 entries
Fri Aug 31 07:20:01 CEST 2018 starting main.py in /home/cronjobs/dualstream/python
2018-08-31 07:20:01 Running dualstreamMerge
2018-08-31 07:20:01 Searching for DualStream entries
2018-08-31 07:20:02 Updated 0 out of 0 entries
Fri Aug 31 07:25:01 CEST 2018 starting main.py in /home/cronjobs/dualstream/python
2018-08-31 07:25:01 Running dualstreamMerge
2018-08-31 07:25:01 Searching for DualStream entries
2018-08-31 07:25:02 Updated 0 out of 0 entries
Fri Aug 31 07:30:01 CEST 2018 starting main.py in /home/cronjobs/dualstream/python
2018-08-31 07:30:01 Running dualstreamMerge
2018-08-31 07:30:01 Searching for DualStream entries
2018-08-31 07:30:02 Updated 0 out of 0 entries
Fri Aug 31 07:35:01 CEST 2018 starting main.py in /home/cronjobs/dualstream/python
2018-08-31 07:35:01 Running dualstreamMerge
2018-08-31 07:35:01 Searching for DualStream entries
2018-08-31 07:35:03 Updated 0 out of 0 entries
Fri Aug 31 07:40:01 CEST 2018 starting main.py in /home/cronjobs/dualstream/python
2018-08-31 07:40:01 Running dualstreamMerge
2018-08-31 07:40:01 Searching for DualStream entries
2018-08-31 07:40:02 Updated 0 out of 0 entries
Fri Aug 31 07:45:01 CEST 2018 starting main.py in /home/cronjobs/dualstream/python
2018-08-31 07:45:01 Running dualstreamMerge
2018-08-31 07:45:01 Searching for DualStream entries
2018-08-31 07:45:07 Updated 0 out of 0 entries
Fri Aug 31 07:50:01 CEST 2018 starting main.py in /home/cronjobs/dualstream/python
2018-08-31 07:50:02 Running dualstreamMerge
2018-08-31 07:50:02 Searching for DualStream entries
2018-08-31 07:50:02 Updated 0 out of 0 entries
Fri Aug 31 07:55:01 CEST 2018 starting main.py in /home/cronjobs/dualstream/python
2018-08-31 07:55:02 Running dualstreamMerge
2018-08-31 07:55:02 Searching for DualStream entries
2018-08-31 07:55:03 Updated 0 out of 0 entries
Fri Aug 31 08:00:01 CEST 2018 starting main.py in /home/cronjobs/dualstream/python
2018-08-31 08:00:01 Running dualstreamMerge
2018-08-31 08:00:01 Searching for DualStream entries
2018-08-31 08:00:02 Updated 0 out of 0 entries
Fri Aug 31 08:05:01 CEST 2018 starting main.py in /home/cronjobs/dualstream/python
2018-08-31 08:05:01 Running dualstreamMerge
2018-08-31 08:05:01 Searching for DualStream entries
2018-08-31 08:05:02 Updated 0 out of 0 entries
Fri Aug 31 08:10:01 CEST 2018 starting main.py in /home/cronjobs/dualstream/python
2018-08-31 08:10:01 Running dualstreamMerge
2018-08-31 08:10:01 Searching for DualStream entries
2018-08-31 08:10:02 Updated 0 out of 0 entries
Fri Aug 31 08:15:01 CEST 2018 starting main.py in /home/cronjobs/dualstream/python
2018-08-31 08:15:01 Running dualstreamMerge
2018-08-31 08:15:01 Searching for DualStream entries
2018-08-31 08:15:02 Updated 0 out of 0 entries
Fri Aug 31 08:20:01 CEST 2018 starting main.py in /home/cronjobs/dualstream/python
2018-08-31 08:20:01 Running dualstreamMerge
2018-08-31 08:20:01 Searching for DualStream entries
2018-08-31 08:20:02 Updated 0 out of 0 entries
Fri Aug 31 08:25:01 CEST 2018 starting main.py in /home/cronjobs/dualstream/python
2018-08-31 08:25:01 Running dualstreamMerge
2018-08-31 08:25:01 Searching for DualStream entries
2018-08-31 08:25:02 Updated 0 out of 0 entries
Fri Aug 31 08:30:01 CEST 2018 starting main.py in /home/cronjobs/dualstream/python
2018-08-31 08:30:01 Running dualstreamMerge
2018-08-31 08:30:01 Searching for DualStream entries
2018-08-31 08:30:02 Updated 0 out of 0 entries
Fri Aug 31 08:35:01 CEST 2018 starting main.py in /home/cronjobs/dualstream/python
2018-08-31 08:35:01 Running dualstreamMerge
2018-08-31 08:35:01 Searching for DualStream entries
2018-08-31 08:35:02 Updated 0 out of 0 entries
Fri Aug 31 08:40:01 CEST 2018 starting main.py in /home/cronjobs/dualstream/python
2018-08-31 08:40:01 Running dualstreamMerge
2018-08-31 08:40:01 Searching for DualStream entries
2018-08-31 08:40:02 Updated 0 out of 0 entries
Fri Aug 31 08:45:01 CEST 2018 starting main.py in /home/cronjobs/dualstream/python
2018-08-31 08:45:01 Running dualstreamMerge
2018-08-31 08:45:01 Searching for DualStream entries
2018-08-31 08:45:02 Updated 0 out of 0 entries
Fri Aug 31 08:50:01 CEST 2018 starting main.py in /home/cronjobs/dualstream/python
2018-08-31 08:50:02 Running dualstreamMerge
2018-08-31 08:50:02 Searching for DualStream entries
2018-08-31 08:50:02 Updated 0 out of 0 entries
Fri Aug 31 08:55:01 CEST 2018 starting main.py in /home/cronjobs/dualstream/python
2018-08-31 08:55:02 Running dualstreamMerge
2018-08-31 08:55:02 Searching for DualStream entries
2018-08-31 08:55:02 Updated 0 out of 0 entries
Fri Aug 31 09:00:01 CEST 2018 starting main.py in /home/cronjobs/dualstream/python
2018-08-31 09:00:01 Running dualstreamMerge
2018-08-31 09:00:01 Searching for DualStream entries
2018-08-31 09:00:02 Updated 0 out of 0 entries
Fri Aug 31 09:05:01 CEST 2018 starting main.py in /home/cronjobs/dualstream/python
2018-08-31 09:05:02 Running dualstreamMerge
2018-08-31 09:05:02 Searching for DualStream entries
2018-08-31 09:05:02 Updated 0 out of 0 entries
Fri Aug 31 09:10:01 CEST 2018 starting main.py in /home/cronjobs/dualstream/python
2018-08-31 09:10:01 Running dualstreamMerge
2018-08-31 09:10:01 Searching for DualStream entries
2018-08-31 09:10:02 Updated 0 out of 0 entries
Fri Aug 31 09:15:01 CEST 2018 starting main.py in /home/cronjobs/dualstream/python
2018-08-31 09:15:01 Running dualstreamMerge
2018-08-31 09:15:01 Searching for DualStream entries
2018-08-31 09:15:02 Updated 0 out of 0 entries
Fri Aug 31 09:20:01 CEST 2018 starting main.py in /home/cronjobs/dualstream/python
2018-08-31 09:20:01 Running dualstreamMerge
2018-08-31 09:20:01 Searching for DualStream entries
2018-08-31 09:20:02 Updated 0 out of 0 entries
Fri Aug 31 09:25:01 CEST 2018 starting main.py in /home/cronjobs/dualstream/python
2018-08-31 09:25:01 Running dualstreamMerge
2018-08-31 09:25:01 Searching for DualStream entries
2018-08-31 09:25:02 Updated 0 out of 0 entries
Fri Aug 31 09:30:01 CEST 2018 starting main.py in /home/cronjobs/dualstream/python
2018-08-31 09:30:01 Running dualstreamMerge
2018-08-31 09:30:01 Searching for DualStream entries
2018-08-31 09:30:02 Updated 0 out of 0 entries
Fri Aug 31 09:35:01 CEST 2018 starting main.py in /home/cronjobs/dualstream/python
2018-08-31 09:35:01 Running dualstreamMerge
2018-08-31 09:35:01 Searching for DualStream entries
2018-08-31 09:35:02 Updated 0 out of 0 entries
Fri Aug 31 09:40:01 CEST 2018 starting main.py in /home/cronjobs/dualstream/python
2018-08-31 09:40:01 Running dualstreamMerge
2018-08-31 09:40:01 Searching for DualStream entries
2018-08-31 09:40:02 Updated 0 out of 0 entries
Fri Aug 31 09:45:01 CEST 2018 starting main.py in /home/cronjobs/dualstream/python
2018-08-31 09:45:02 Running dualstreamMerge
2018-08-31 09:45:02 Searching for DualStream entries
2018-08-31 09:45:02 Updated 0 out of 0 entries
Fri Aug 31 09:50:01 CEST 2018 starting main.py in /home/cronjobs/dualstream/python
2018-08-31 09:50:01 Running dualstreamMerge
2018-08-31 09:50:01 Searching for DualStream entries
2018-08-31 09:50:02 Updated 0 out of 0 entries
Fri Aug 31 09:55:01 CEST 2018 starting main.py in /home/cronjobs/dualstream/python
2018-08-31 09:55:01 Running dualstreamMerge
2018-08-31 09:55:01 Searching for DualStream entries
2018-08-31 09:55:02 Updated 0 out of 0 entries
Fri Aug 31 10:00:01 CEST 2018 starting main.py in /home/cronjobs/dualstream/python
2018-08-31 10:00:01 Running dualstreamMerge
2018-08-31 10:00:01 Searching for DualStream entries
2018-08-31 10:00:02 Updated 0 out of 0 entries
Fri Aug 31 10:05:01 CEST 2018 starting main.py in /home/cronjobs/dualstream/python
2018-08-31 10:05:01 Running dualstreamMerge
2018-08-31 10:05:01 Searching for DualStream entries
2018-08-31 10:05:02 Updated 0 out of 0 entries
Fri Aug 31 10:10:01 CEST 2018 starting main.py in /home/cronjobs/dualstream/python
2018-08-31 10:10:01 Running dualstreamMerge
2018-08-31 10:10:01 Searching for DualStream entries
2018-08-31 10:10:01 Updated 0 out of 0 entries
Fri Aug 31 10:15:01 CEST 2018 starting main.py in /home/cronjobs/dualstream/python
2018-08-31 10:15:01 Running dualstreamMerge
2018-08-31 10:15:01 Searching for DualStream entries
2018-08-31 10:15:02 Updated 0 out of 0 entries
Fri Aug 31 10:20:01 CEST 2018 starting main.py in /home/cronjobs/dualstream/python
2018-08-31 10:20:01 Running dualstreamMerge
2018-08-31 10:20:01 Searching for DualStream entries
2018-08-31 10:20:02 Updated 0 out of 0 entries
Fri Aug 31 10:25:01 CEST 2018 starting main.py in /home/cronjobs/dualstream/python
2018-08-31 10:25:01 Running dualstreamMerge
2018-08-31 10:25:01 Searching for DualStream entries
2018-08-31 10:25:02 Updated 0 out of 0 entries
Fri Aug 31 10:30:01 CEST 2018 starting main.py in /home/cronjobs/dualstream/python
2018-08-31 10:30:01 Running dualstreamMerge
2018-08-31 10:30:01 Searching for DualStream entries
2018-08-31 10:30:02 Updated 0 out of 0 entries
Fri Aug 31 10:35:01 CEST 2018 starting main.py in /home/cronjobs/dualstream/python
2018-08-31 10:35:01 Running dualstreamMerge
2018-08-31 10:35:01 Searching for DualStream entries
2018-08-31 10:35:02 Updated 0 out of 0 entries
Fri Aug 31 10:40:01 CEST 2018 starting main.py in /home/cronjobs/dualstream/python
2018-08-31 10:40:02 Running dualstreamMerge
2018-08-31 10:40:02 Searching for DualStream entries
2018-08-31 10:40:02 Updated 0 out of 0 entries
Fri Aug 31 10:45:01 CEST 2018 starting main.py in /home/cronjobs/dualstream/python
2018-08-31 10:45:02 Running dualstreamMerge
2018-08-31 10:45:02 Searching for DualStream entries
2018-08-31 10:45:02 Updated 0 out of 0 entries
Fri Aug 31 10:50:01 CEST 2018 starting main.py in /home/cronjobs/dualstream/python
2018-08-31 10:50:02 Running dualstreamMerge
2018-08-31 10:50:02 Searching for DualStream entries
2018-08-31 10:50:02 Updated 0 out of 0 entries
Fri Aug 31 10:55:01 CEST 2018 starting main.py in /home/cronjobs/dualstream/python
2018-08-31 10:55:01 Running dualstreamMerge
2018-08-31 10:55:01 Searching for DualStream entries
2018-08-31 10:55:02 Updated 0 out of 0 entries
Fri Aug 31 11:00:01 CEST 2018 starting main.py in /home/cronjobs/dualstream/python
2018-08-31 11:00:01 Running dualstreamMerge
2018-08-31 11:00:01 Searching for DualStream entries
2018-08-31 11:00:02 Updated 0 out of 0 entries
Fri Aug 31 11:05:01 CEST 2018 starting main.py in /home/cronjobs/dualstream/python
2018-08-31 11:05:02 Running dualstreamMerge
2018-08-31 11:05:02 Searching for DualStream entries
2018-08-31 11:05:02 Updated 0 out of 0 entries
Fri Aug 31 11:10:01 CEST 2018 starting main.py in /home/cronjobs/dualstream/python
2018-08-31 11:10:02 Running dualstreamMerge
2018-08-31 11:10:02 Searching for DualStream entries
2018-08-31 11:10:02 Updated 0 out of 0 entries
Fri Aug 31 11:15:01 CEST 2018 starting main.py in /home/cronjobs/dualstream/python
2018-08-31 11:15:02 Running dualstreamMerge
2018-08-31 11:15:02 Searching for DualStream entries
2018-08-31 11:15:02 Updated 0 out of 0 entries
Fri Aug 31 11:20:01 CEST 2018 starting main.py in /home/cronjobs/dualstream/python
2018-08-31 11:20:02 Running dualstreamMerge
2018-08-31 11:20:02 Searching for DualStream entries
2018-08-31 11:20:03 Updated 0 out of 0 entries
Fri Aug 31 11:25:01 CEST 2018 starting main.py in /home/cronjobs/dualstream/python
2018-08-31 11:25:02 Running dualstreamMerge
2018-08-31 11:25:02 Searching for DualStream entries
2018-08-31 11:25:02 Updated 0 out of 0 entries
Fri Aug 31 11:30:01 CEST 2018 starting main.py in /home/cronjobs/dualstream/python
2018-08-31 11:30:02 Running dualstreamMerge
2018-08-31 11:30:02 Searching for DualStream entries
2018-08-31 11:30:02 Updated 0 out of 0 entries
Fri Aug 31 11:35:01 CEST 2018 starting main.py in /home/cronjobs/dualstream/python
2018-08-31 11:35:01 Running dualstreamMerge
2018-08-31 11:35:01 Searching for DualStream entries
2018-08-31 11:35:02 Updated 0 out of 0 entries
Fri Aug 31 11:40:01 CEST 2018 starting main.py in /home/cronjobs/dualstream/python
2018-08-31 11:40:01 Running dualstreamMerge
2018-08-31 11:40:01 Searching for DualStream entries
2018-08-31 11:40:02 Updated 0 out of 0 entries
Fri Aug 31 11:45:01 CEST 2018 starting main.py in /home/cronjobs/dualstream/python
2018-08-31 11:45:02 Running dualstreamMerge
2018-08-31 11:45:02 Searching for DualStream entries
2018-08-31 11:45:02 Updated 0 out of 0 entries
Fri Aug 31 11:50:01 CEST 2018 starting main.py in /home/cronjobs/dualstream/python
2018-08-31 11:50:02 Running dualstreamMerge
2018-08-31 11:50:02 Searching for DualStream entries
2018-08-31 11:50:02 Updated 0 out of 0 entries
Fri Aug 31 11:55:01 CEST 2018 starting main.py in /home/cronjobs/dualstream/python
2018-08-31 11:55:02 Running dualstreamMerge
2018-08-31 11:55:02 Searching for DualStream entries
2018-08-31 11:55:02 Updated 0 out of 0 entries
Fri Aug 31 12:00:01 CEST 2018 starting main.py in /home/cronjobs/dualstream/python
2018-08-31 12:00:01 Running dualstreamMerge
2018-08-31 12:00:01 Searching for DualStream entries
2018-08-31 12:00:02 Updated 0 out of 0 entries
Fri Aug 31 12:05:01 CEST 2018 starting main.py in /home/cronjobs/dualstream/python
2018-08-31 12:05:02 Running dualstreamMerge
2018-08-31 12:05:02 Searching for DualStream entries
2018-08-31 12:05:02 Updated 0 out of 0 entries
Fri Aug 31 12:10:01 CEST 2018 starting main.py in /home/cronjobs/dualstream/python
2018-08-31 12:10:01 Running dualstreamMerge
2018-08-31 12:10:01 Searching for DualStream entries
2018-08-31 12:10:02 Updated 0 out of 0 entries
Fri Aug 31 12:15:01 CEST 2018 starting main.py in /home/cronjobs/dualstream/python
2018-08-31 12:15:02 Running dualstreamMerge
2018-08-31 12:15:02 Searching for DualStream entries
2018-08-31 12:15:02 Updated 0 out of 0 entries
Fri Aug 31 12:20:01 CEST 2018 starting main.py in /home/cronjobs/dualstream/python
2018-08-31 12:20:02 Running dualstreamMerge
2018-08-31 12:20:02 Searching for DualStream entries
2018-08-31 12:20:03 Updated 0 out of 0 entries
Fri Aug 31 12:25:01 CEST 2018 starting main.py in /home/cronjobs/dualstream/python
2018-08-31 12:25:01 Running dualstreamMerge
2018-08-31 12:25:01 Searching for DualStream entries
2018-08-31 12:25:02 Updated 0 out of 0 entries
Fri Aug 31 12:30:01 CEST 2018 starting main.py in /home/cronjobs/dualstream/python
2018-08-31 12:30:02 Running dualstreamMerge
2018-08-31 12:30:02 Searching for DualStream entries
2018-08-31 12:30:03 Updated 0 out of 0 entries
Fri Aug 31 12:35:01 CEST 2018 starting main.py in /home/cronjobs/dualstream/python
2018-08-31 12:35:01 Running dualstreamMerge
2018-08-31 12:35:01 Searching for DualStream entries
2018-08-31 12:35:03 Updated 0 out of 0 entries
Fri Aug 31 12:40:01 CEST 2018 starting main.py in /home/cronjobs/dualstream/python
2018-08-31 12:40:01 Running dualstreamMerge
2018-08-31 12:40:01 Searching for DualStream entries
2018-08-31 12:40:03 Updated 0 out of 0 entries
Fri Aug 31 12:45:01 CEST 2018 starting main.py in /home/cronjobs/dualstream/python
2018-08-31 12:45:01 Running dualstreamMerge
2018-08-31 12:45:01 Searching for DualStream entries
2018-08-31 12:45:03 Updated 0 out of 0 entries
2018-08-31 12:50:01 Searching for DualStream entries
2018-08-31 12:50:03 Updated 0 out of 0 entries
